<?xml version="1.0" encoding="UTF-8"?>
<testsuite xmlns:xsi="http://www.w3.org/2001/XMLSchema-instance" xsi:noNamespaceSchemaLocation="https://maven.apache.org/surefire/maven-surefire-plugin/xsd/surefire-test-report.xsd" name="TestSuite" time="8.251" tests="6" errors="0" skipped="0" failures="0">
  <properties>
[...]
</properties>
  <testcase name="post_createChannel" classname="apiTest.scenario" time="3.082"/>
  <testcase name="post_joinChannel" classname="apiTest.scenario" time="0.616"/>
  <testcase name="post_renameChannel" classname="apiTest.scenario" time="0.795"/>
  <testcase name="get_channels" classname="apiTest.scenario" time="1.298"/>
  <testcase name="post_archiveChannel" classname="apiTest.scenario" time="0.686"/>
  <testcase name="get_channelsAfterArchived" classname="apiTest.scenario" time="0.642"/>
</testsuite>